2024-08-10T11:48:22.761Z info: Starting Nest application...
2024-08-10T11:48:22.790Z info: TypeOrmModule dependencies initialized
2024-08-10T11:48:22.791Z info: PassportModule dependencies initialized
2024-08-10T11:48:22.791Z info: ConfigHostModule dependencies initialized
2024-08-10T11:48:22.791Z info: AppModule dependencies initialized
2024-08-10T11:48:22.791Z info: ConfigModule dependencies initialized
2024-08-10T11:48:22.791Z info: ConfigModule dependencies initialized
2024-08-10T11:48:22.792Z info: JwtModule dependencies initialized
2024-08-10T11:48:24.823Z info: TypeOrmCoreModule dependencies initialized
2024-08-10T11:48:24.823Z info: TypeOrmModule dependencies initialized
2024-08-10T11:48:24.823Z info: TypeOrmModule dependencies initialized
2024-08-10T11:48:24.824Z info: FilesModule dependencies initialized
2024-08-10T11:48:24.825Z info: UsersModule dependencies initialized
2024-08-10T11:48:24.825Z info: AuthModule dependencies initialized
2024-08-10T11:48:24.837Z info: AppController {/}:
2024-08-10T11:48:24.838Z info: FilesController {/files}:
2024-08-10T11:48:24.839Z info: Mapped {/files, POST} route
2024-08-10T11:48:24.839Z info: Mapped {/files, GET} route
2024-08-10T11:48:24.839Z info: Mapped {/files/:id, GET} route
2024-08-10T11:48:24.839Z info: Mapped {/files/:id, PATCH} route
2024-08-10T11:48:24.840Z info: Mapped {/files/:id, DELETE} route
2024-08-10T11:48:24.840Z info: UsersController {/users}:
2024-08-10T11:48:24.840Z info: Mapped {/users, POST} route
2024-08-10T11:48:24.840Z info: Mapped {/users, GET} route
2024-08-10T11:48:24.840Z info: Mapped {/users/:id, GET} route
2024-08-10T11:48:24.840Z info: Mapped {/users/me, GET} route
2024-08-10T11:48:24.841Z info: Mapped {/users/:id, PATCH} route
2024-08-10T11:48:24.841Z info: Mapped {/users/:id, DELETE} route
2024-08-10T11:48:24.841Z info: AuthController {/auth}:
2024-08-10T11:48:24.841Z info: Mapped {/auth/login, POST} route
2024-08-10T11:48:24.841Z info: Mapped {/auth/register, POST} route
2024-08-10T11:48:24.842Z info: Nest application successfully started
2024-08-10T11:48:56.348Z info: POST /auth/login 401 502ms
2024-08-10T11:49:00.649Z info: POST /auth/login 201 142ms
2024-08-10T11:49:17.987Z info: GET /files 401 3ms
2024-08-10T11:49:21.540Z info: GET /files 401 2ms
2024-08-10T11:49:42.572Z info: GET /files 401 1ms
2024-08-10T11:49:49.186Z info: GET /files 401 1ms
2024-08-10T11:49:58.807Z info: GET /files 401 2ms
2024-08-10T11:54:32.334Z info: POST /auth/login 201 543ms
2024-08-10T11:55:35.630Z info: GET /files 401 3ms
2024-08-10T11:56:38.259Z info: Starting Nest application...
2024-08-10T11:56:38.286Z info: TypeOrmModule dependencies initialized
2024-08-10T11:56:38.286Z info: PassportModule dependencies initialized
2024-08-10T11:56:38.286Z info: ConfigHostModule dependencies initialized
2024-08-10T11:56:38.286Z info: AppModule dependencies initialized
2024-08-10T11:56:38.287Z info: ConfigModule dependencies initialized
2024-08-10T11:56:38.287Z info: ConfigModule dependencies initialized
2024-08-10T11:56:38.287Z info: JwtModule dependencies initialized
2024-08-10T11:56:40.372Z info: TypeOrmCoreModule dependencies initialized
2024-08-10T11:56:40.373Z info: TypeOrmModule dependencies initialized
2024-08-10T11:56:40.373Z info: TypeOrmModule dependencies initialized
2024-08-10T11:56:40.374Z info: FilesModule dependencies initialized
2024-08-10T11:56:40.375Z info: UsersModule dependencies initialized
2024-08-10T11:56:40.375Z info: AuthModule dependencies initialized
2024-08-10T11:56:40.391Z info: AppController {/}:
2024-08-10T11:56:40.391Z info: FilesController {/files}:
2024-08-10T11:56:40.393Z info: Mapped {/files, POST} route
2024-08-10T11:56:40.393Z info: Mapped {/files, GET} route
2024-08-10T11:56:40.394Z info: Mapped {/files/:id, GET} route
2024-08-10T11:56:40.394Z info: Mapped {/files/:id, PATCH} route
2024-08-10T11:56:40.394Z info: Mapped {/files/:id, DELETE} route
2024-08-10T11:56:40.394Z info: UsersController {/users}:
2024-08-10T11:56:40.395Z info: Mapped {/users, POST} route
2024-08-10T11:56:40.395Z info: Mapped {/users, GET} route
2024-08-10T11:56:40.395Z info: Mapped {/users/:id, GET} route
2024-08-10T11:56:40.396Z info: Mapped {/users/me, GET} route
2024-08-10T11:56:40.396Z info: Mapped {/users/:id, PATCH} route
2024-08-10T11:56:40.396Z info: Mapped {/users/:id, DELETE} route
2024-08-10T11:56:40.397Z info: AuthController {/auth}:
2024-08-10T11:56:40.397Z info: Mapped {/auth/login, POST} route
2024-08-10T11:56:40.397Z info: Mapped {/auth/register, POST} route
2024-08-10T11:56:40.399Z info: Nest application successfully started
2024-08-10T11:57:03.484Z info: POST /auth/login 201 505ms
2024-08-10T11:57:16.976Z info: GET /files 401 2ms
2024-08-10T11:58:48.578Z info: Starting Nest application...
2024-08-10T11:58:48.599Z info: TypeOrmModule dependencies initialized
2024-08-10T11:58:48.600Z info: PassportModule dependencies initialized
2024-08-10T11:58:48.600Z info: ConfigHostModule dependencies initialized
2024-08-10T11:58:48.600Z info: AppModule dependencies initialized
2024-08-10T11:58:48.600Z info: ConfigModule dependencies initialized
2024-08-10T11:58:48.600Z info: ConfigModule dependencies initialized
2024-08-10T11:58:48.601Z info: JwtModule dependencies initialized
2024-08-10T11:58:50.667Z info: TypeOrmCoreModule dependencies initialized
2024-08-10T11:58:50.668Z info: TypeOrmModule dependencies initialized
2024-08-10T11:58:50.669Z info: TypeOrmModule dependencies initialized
2024-08-10T11:58:50.670Z info: FilesModule dependencies initialized
2024-08-10T11:58:50.670Z info: UsersModule dependencies initialized
2024-08-10T11:58:50.670Z info: AuthModule dependencies initialized
2024-08-10T11:58:50.682Z info: AppController {/}:
2024-08-10T11:58:50.683Z info: FilesController {/files}:
2024-08-10T11:58:50.684Z info: Mapped {/files, POST} route
2024-08-10T11:58:50.684Z info: Mapped {/files, GET} route
2024-08-10T11:58:50.684Z info: Mapped {/files/:id, GET} route
2024-08-10T11:58:50.684Z info: Mapped {/files/:id, PATCH} route
2024-08-10T11:58:50.685Z info: Mapped {/files/:id, DELETE} route
2024-08-10T11:58:50.685Z info: UsersController {/users}:
2024-08-10T11:58:50.685Z info: Mapped {/users, POST} route
2024-08-10T11:58:50.685Z info: Mapped {/users, GET} route
2024-08-10T11:58:50.685Z info: Mapped {/users/:id, GET} route
2024-08-10T11:58:50.686Z info: Mapped {/users/me, GET} route
2024-08-10T11:58:50.686Z info: Mapped {/users/:id, PATCH} route
2024-08-10T11:58:50.686Z info: Mapped {/users/:id, DELETE} route
2024-08-10T11:58:50.686Z info: AuthController {/auth}:
2024-08-10T11:58:50.686Z info: Mapped {/auth/login, POST} route
2024-08-10T11:58:50.686Z info: Mapped {/auth/register, POST} route
2024-08-10T11:58:50.688Z info: Nest application successfully started
2024-08-10T11:59:18.209Z info: Starting Nest application...
2024-08-10T11:59:18.231Z info: TypeOrmModule dependencies initialized
2024-08-10T11:59:18.231Z info: PassportModule dependencies initialized
2024-08-10T11:59:18.232Z info: ConfigHostModule dependencies initialized
2024-08-10T11:59:18.232Z info: AppModule dependencies initialized
2024-08-10T11:59:18.232Z info: ConfigModule dependencies initialized
2024-08-10T11:59:18.232Z info: ConfigModule dependencies initialized
2024-08-10T11:59:18.232Z info: JwtModule dependencies initialized
2024-08-10T11:59:20.221Z info: TypeOrmCoreModule dependencies initialized
2024-08-10T11:59:20.223Z info: TypeOrmModule dependencies initialized
2024-08-10T11:59:20.224Z info: TypeOrmModule dependencies initialized
2024-08-10T11:59:20.226Z info: FilesModule dependencies initialized
2024-08-10T11:59:20.226Z info: UsersModule dependencies initialized
2024-08-10T11:59:20.227Z info: AuthModule dependencies initialized
2024-08-10T11:59:20.248Z info: AppController {/}:
2024-08-10T11:59:20.248Z info: FilesController {/files}:
2024-08-10T11:59:20.250Z info: Mapped {/files, POST} route
2024-08-10T11:59:20.250Z info: Mapped {/files, GET} route
2024-08-10T11:59:20.251Z info: Mapped {/files/:id, GET} route
2024-08-10T11:59:20.251Z info: Mapped {/files/:id, PATCH} route
2024-08-10T11:59:20.252Z info: Mapped {/files/:id, DELETE} route
2024-08-10T11:59:20.252Z info: UsersController {/users}:
2024-08-10T11:59:20.252Z info: Mapped {/users, POST} route
2024-08-10T11:59:20.252Z info: Mapped {/users, GET} route
2024-08-10T11:59:20.253Z info: Mapped {/users/:id, GET} route
2024-08-10T11:59:20.253Z info: Mapped {/users/me, GET} route
2024-08-10T11:59:20.254Z info: Mapped {/users/:id, PATCH} route
2024-08-10T11:59:20.254Z info: Mapped {/users/:id, DELETE} route
2024-08-10T11:59:20.254Z info: AuthController {/auth}:
2024-08-10T11:59:20.254Z info: Mapped {/auth/login, POST} route
2024-08-10T11:59:20.254Z info: Mapped {/auth/register, POST} route
2024-08-10T11:59:20.256Z info: Nest application successfully started
2024-08-10T18:06:16.077Z info: Starting Nest application...
2024-08-10T18:06:16.110Z info: TypeOrmModule dependencies initialized
2024-08-10T18:06:16.111Z info: PassportModule dependencies initialized
2024-08-10T18:06:16.111Z info: ConfigHostModule dependencies initialized
2024-08-10T18:06:16.111Z info: AppModule dependencies initialized
2024-08-10T18:06:16.111Z info: ConfigModule dependencies initialized
2024-08-10T18:06:16.112Z info: ConfigModule dependencies initialized
2024-08-10T18:06:16.112Z info: JwtModule dependencies initialized
2024-08-10T18:06:18.340Z info: TypeOrmCoreModule dependencies initialized
2024-08-10T18:06:18.340Z info: TypeOrmModule dependencies initialized
2024-08-10T18:06:18.341Z info: TypeOrmModule dependencies initialized
2024-08-10T18:06:18.342Z info: FilesModule dependencies initialized
2024-08-10T18:06:18.342Z info: UsersModule dependencies initialized
2024-08-10T18:06:18.342Z info: AuthModule dependencies initialized
2024-08-10T18:06:18.354Z info: AppController {/}:
2024-08-10T18:06:18.354Z info: FilesController {/files}:
2024-08-10T18:06:18.355Z info: Mapped {/files, POST} route
2024-08-10T18:06:18.356Z info: Mapped {/files, GET} route
2024-08-10T18:06:18.356Z info: Mapped {/files/:id, GET} route
2024-08-10T18:06:18.356Z info: Mapped {/files/:id, PATCH} route
2024-08-10T18:06:18.356Z info: Mapped {/files/:id, DELETE} route
2024-08-10T18:06:18.356Z info: UsersController {/users}:
2024-08-10T18:06:18.357Z info: Mapped {/users, POST} route
2024-08-10T18:06:18.357Z info: Mapped {/users, GET} route
2024-08-10T18:06:18.357Z info: Mapped {/users/:id, GET} route
2024-08-10T18:06:18.357Z info: Mapped {/users/me, GET} route
2024-08-10T18:06:18.357Z info: Mapped {/users/:id, PATCH} route
2024-08-10T18:06:18.357Z info: Mapped {/users/:id, DELETE} route
2024-08-10T18:06:18.358Z info: AuthController {/auth}:
2024-08-10T18:06:18.358Z info: Mapped {/auth/login, POST} route
2024-08-10T18:06:18.358Z info: Mapped {/auth/register, POST} route
2024-08-10T18:06:18.359Z info: Nest application successfully started
2024-08-10T18:07:07.212Z info: POST /auth/login 401 530ms
2024-08-10T18:07:13.848Z info: POST /auth/login 201 125ms
2024-08-10T18:07:31.876Z info: GET /files 401 3ms
2024-08-10T18:10:29.667Z info: Starting Nest application...
2024-08-10T18:10:29.689Z info: TypeOrmModule dependencies initialized
2024-08-10T18:10:29.690Z info: PassportModule dependencies initialized
2024-08-10T18:10:29.690Z info: ConfigHostModule dependencies initialized
2024-08-10T18:10:29.690Z info: AppModule dependencies initialized
2024-08-10T18:10:29.690Z info: ConfigModule dependencies initialized
2024-08-10T18:10:29.690Z info: ConfigModule dependencies initialized
2024-08-10T18:10:29.691Z info: JwtModule dependencies initialized
2024-08-10T18:10:31.684Z info: TypeOrmCoreModule dependencies initialized
2024-08-10T18:10:31.685Z info: TypeOrmModule dependencies initialized
2024-08-10T18:10:31.685Z info: TypeOrmModule dependencies initialized
2024-08-10T18:10:31.686Z info: FilesModule dependencies initialized
2024-08-10T18:10:31.686Z info: UsersModule dependencies initialized
2024-08-10T18:10:31.686Z info: AuthModule dependencies initialized
2024-08-10T18:10:31.700Z info: AppController {/}:
2024-08-10T18:10:31.700Z info: FilesController {/files}:
2024-08-10T18:10:31.702Z info: Mapped {/files, POST} route
2024-08-10T18:10:31.702Z info: Mapped {/files, GET} route
2024-08-10T18:10:31.702Z info: Mapped {/files/:id, GET} route
2024-08-10T18:10:31.702Z info: Mapped {/files/:id, PATCH} route
2024-08-10T18:10:31.703Z info: Mapped {/files/:id, DELETE} route
2024-08-10T18:10:31.703Z info: UsersController {/users}:
2024-08-10T18:10:31.703Z info: Mapped {/users, POST} route
2024-08-10T18:10:31.703Z info: Mapped {/users, GET} route
2024-08-10T18:10:31.703Z info: Mapped {/users/:id, GET} route
2024-08-10T18:10:31.704Z info: Mapped {/users/me, GET} route
2024-08-10T18:10:31.704Z info: Mapped {/users/:id, PATCH} route
2024-08-10T18:10:31.704Z info: Mapped {/users/:id, DELETE} route
2024-08-10T18:10:31.704Z info: AuthController {/auth}:
2024-08-10T18:10:31.704Z info: Mapped {/auth/login, POST} route
2024-08-10T18:10:31.704Z info: Mapped {/auth/register, POST} route
2024-08-10T18:10:31.705Z info: Nest application successfully started
2024-08-10T18:17:19.519Z info: Starting Nest application...
2024-08-10T18:17:19.542Z info: TypeOrmModule dependencies initialized
2024-08-10T18:17:19.542Z info: PassportModule dependencies initialized
2024-08-10T18:17:19.542Z info: ConfigHostModule dependencies initialized
2024-08-10T18:17:19.542Z info: AppModule dependencies initialized
2024-08-10T18:17:19.542Z info: ConfigModule dependencies initialized
2024-08-10T18:17:19.543Z info: ConfigModule dependencies initialized
2024-08-10T18:17:19.543Z info: JwtModule dependencies initialized
2024-08-10T18:17:21.678Z info: TypeOrmCoreModule dependencies initialized
2024-08-10T18:17:21.681Z info: TypeOrmModule dependencies initialized
2024-08-10T18:17:21.682Z info: TypeOrmModule dependencies initialized
2024-08-10T18:17:21.685Z info: FilesModule dependencies initialized
2024-08-10T18:17:21.686Z info: UsersModule dependencies initialized
2024-08-10T18:17:21.686Z info: AuthModule dependencies initialized
2024-08-10T18:17:21.710Z info: AppController {/}:
2024-08-10T18:17:21.710Z info: FilesController {/files}:
2024-08-10T18:17:21.712Z info: Mapped {/files, POST} route
2024-08-10T18:17:21.712Z info: Mapped {/files, GET} route
2024-08-10T18:17:21.712Z info: Mapped {/files/:id, GET} route
2024-08-10T18:17:21.713Z info: Mapped {/files/:id, PATCH} route
2024-08-10T18:17:21.713Z info: Mapped {/files/:id, DELETE} route
2024-08-10T18:17:21.713Z info: UsersController {/users}:
2024-08-10T18:17:21.713Z info: Mapped {/users, POST} route
2024-08-10T18:17:21.714Z info: Mapped {/users, GET} route
2024-08-10T18:17:21.714Z info: Mapped {/users/:id, GET} route
2024-08-10T18:17:21.714Z info: Mapped {/users/me, GET} route
2024-08-10T18:17:21.714Z info: Mapped {/users/:id, PATCH} route
2024-08-10T18:17:21.715Z info: Mapped {/users/:id, DELETE} route
2024-08-10T18:17:21.715Z info: AuthController {/auth}:
2024-08-10T18:17:21.715Z info: Mapped {/auth/login, POST} route
2024-08-10T18:17:21.715Z info: Mapped {/auth/register, POST} route
2024-08-10T18:17:21.717Z info: Nest application successfully started
2024-08-10T18:21:33.326Z info: Starting Nest application...
2024-08-10T18:21:33.347Z info: TypeOrmModule dependencies initialized
2024-08-10T18:21:33.347Z info: PassportModule dependencies initialized
2024-08-10T18:21:33.348Z info: ConfigHostModule dependencies initialized
2024-08-10T18:21:33.348Z info: AppModule dependencies initialized
2024-08-10T18:21:33.348Z info: ConfigModule dependencies initialized
2024-08-10T18:21:33.348Z info: ConfigModule dependencies initialized
2024-08-10T18:21:33.348Z info: JwtModule dependencies initialized
2024-08-10T18:21:35.410Z info: TypeOrmCoreModule dependencies initialized
2024-08-10T18:21:35.411Z info: TypeOrmModule dependencies initialized
2024-08-10T18:21:35.411Z info: TypeOrmModule dependencies initialized
2024-08-10T18:21:35.414Z info: FilesModule dependencies initialized
2024-08-10T18:21:35.414Z info: UsersModule dependencies initialized
2024-08-10T18:21:35.414Z info: AuthModule dependencies initialized
2024-08-10T18:21:35.433Z info: AppController {/}:
2024-08-10T18:21:35.433Z info: FilesController {/files}:
2024-08-10T18:21:35.435Z info: Mapped {/files, POST} route
2024-08-10T18:21:35.435Z info: Mapped {/files, GET} route
2024-08-10T18:21:35.436Z info: Mapped {/files/:id, GET} route
2024-08-10T18:21:35.436Z info: Mapped {/files/:id, PATCH} route
2024-08-10T18:21:35.436Z info: Mapped {/files/:id, DELETE} route
2024-08-10T18:21:35.437Z info: UsersController {/users}:
2024-08-10T18:21:35.437Z info: Mapped {/users, POST} route
2024-08-10T18:21:35.437Z info: Mapped {/users, GET} route
2024-08-10T18:21:35.438Z info: Mapped {/users/:id, GET} route
2024-08-10T18:21:35.438Z info: Mapped {/users/me, GET} route
2024-08-10T18:21:35.438Z info: Mapped {/users/:id, PATCH} route
2024-08-10T18:21:35.438Z info: Mapped {/users/:id, DELETE} route
2024-08-10T18:21:35.439Z info: AuthController {/auth}:
2024-08-10T18:21:35.439Z info: Mapped {/auth/login, POST} route
2024-08-10T18:21:35.439Z info: Mapped {/auth/register, POST} route
2024-08-10T18:21:35.440Z info: Nest application successfully started
2024-08-10T18:22:00.405Z info: POST /auth/login 201 476ms
2024-08-10T18:22:15.218Z info: GET /files 401 3ms
2024-08-10T18:26:26.020Z info: Starting Nest application...
2024-08-10T18:26:26.040Z info: TypeOrmModule dependencies initialized
2024-08-10T18:26:26.041Z info: PassportModule dependencies initialized
2024-08-10T18:26:26.041Z info: ConfigHostModule dependencies initialized
2024-08-10T18:26:26.041Z info: AppModule dependencies initialized
2024-08-10T18:26:26.041Z info: ConfigModule dependencies initialized
2024-08-10T18:26:26.041Z info: ConfigModule dependencies initialized
2024-08-10T18:26:26.042Z info: JwtModule dependencies initialized
2024-08-10T18:26:28.076Z info: TypeOrmCoreModule dependencies initialized
2024-08-10T18:26:28.076Z info: TypeOrmModule dependencies initialized
2024-08-10T18:26:28.077Z info: TypeOrmModule dependencies initialized
2024-08-10T18:26:28.078Z info: FilesModule dependencies initialized
2024-08-10T18:26:28.078Z info: UsersModule dependencies initialized
2024-08-10T18:26:28.078Z info: AuthModule dependencies initialized
2024-08-10T18:26:28.090Z info: AppController {/}:
2024-08-10T18:26:28.090Z info: FilesController {/files}:
2024-08-10T18:26:28.091Z info: Mapped {/files, POST} route
2024-08-10T18:26:28.092Z info: Mapped {/files, GET} route
2024-08-10T18:26:28.092Z info: Mapped {/files/:id, GET} route
2024-08-10T18:26:28.092Z info: Mapped {/files/:id, PATCH} route
2024-08-10T18:26:28.092Z info: Mapped {/files/:id, DELETE} route
2024-08-10T18:26:28.093Z info: UsersController {/users}:
2024-08-10T18:26:28.093Z info: Mapped {/users, POST} route
2024-08-10T18:26:28.093Z info: Mapped {/users, GET} route
2024-08-10T18:26:28.093Z info: Mapped {/users/:id, GET} route
2024-08-10T18:26:28.093Z info: Mapped {/users/me, GET} route
2024-08-10T18:26:28.094Z info: Mapped {/users/:id, PATCH} route
2024-08-10T18:26:28.094Z info: Mapped {/users/:id, DELETE} route
2024-08-10T18:26:28.094Z info: AuthController {/auth}:
2024-08-10T18:26:28.094Z info: Mapped {/auth/login, POST} route
2024-08-10T18:26:28.094Z info: Mapped {/auth/register, POST} route
2024-08-10T18:26:28.095Z info: Nest application successfully started
2024-08-10T18:32:05.223Z info: GET /files 401 4ms
2024-08-10T18:32:25.658Z info: POST /auth/login 201 511ms
2024-08-10T18:32:38.483Z info: GET /files 401 1ms
2024-08-10T18:40:45.999Z info: Starting Nest application...
2024-08-10T18:40:46.022Z info: TypeOrmModule dependencies initialized
2024-08-10T18:40:46.022Z info: PassportModule dependencies initialized
2024-08-10T18:40:46.022Z info: ConfigHostModule dependencies initialized
2024-08-10T18:40:46.022Z info: AppModule dependencies initialized
2024-08-10T18:40:46.023Z info: ConfigModule dependencies initialized
2024-08-10T18:40:46.023Z info: ConfigModule dependencies initialized
2024-08-10T18:40:46.023Z info: JwtModule dependencies initialized
2024-08-10T18:40:48.119Z info: TypeOrmCoreModule dependencies initialized
2024-08-10T18:40:48.120Z info: TypeOrmModule dependencies initialized
2024-08-10T18:40:48.121Z info: TypeOrmModule dependencies initialized
2024-08-10T18:40:48.124Z info: FilesModule dependencies initialized
2024-08-10T18:40:48.124Z info: UsersModule dependencies initialized
2024-08-10T18:40:48.125Z info: AuthModule dependencies initialized
2024-08-10T18:40:48.147Z info: AppController {/}:
2024-08-10T18:40:48.147Z info: FilesController {/files}:
2024-08-10T18:40:48.149Z info: Mapped {/files, POST} route
2024-08-10T18:40:48.149Z info: Mapped {/files, GET} route
2024-08-10T18:40:48.150Z info: Mapped {/files/:id, GET} route
2024-08-10T18:40:48.150Z info: Mapped {/files/:id, PATCH} route
2024-08-10T18:40:48.150Z info: Mapped {/files/:id, DELETE} route
2024-08-10T18:40:48.150Z info: UsersController {/users}:
2024-08-10T18:40:48.151Z info: Mapped {/users, POST} route
2024-08-10T18:40:48.151Z info: Mapped {/users, GET} route
2024-08-10T18:40:48.151Z info: Mapped {/users/:id, GET} route
2024-08-10T18:40:48.152Z info: Mapped {/users/me, GET} route
2024-08-10T18:40:48.152Z info: Mapped {/users/:id, PATCH} route
2024-08-10T18:40:48.152Z info: Mapped {/users/:id, DELETE} route
2024-08-10T18:40:48.152Z info: AuthController {/auth}:
2024-08-10T18:40:48.153Z info: Mapped {/auth/login, POST} route
2024-08-10T18:40:48.153Z info: Mapped {/auth/register, POST} route
2024-08-10T18:40:48.154Z info: Nest application successfully started
2024-08-10T18:41:13.716Z info: POST /auth/login 201 474ms
2024-08-10T18:41:26.956Z info: GET /files 200 632ms
2024-08-10T18:42:12.720Z info: Starting Nest application...
2024-08-10T18:42:12.740Z info: TypeOrmModule dependencies initialized
2024-08-10T18:42:12.741Z info: PassportModule dependencies initialized
2024-08-10T18:42:12.741Z info: ConfigHostModule dependencies initialized
2024-08-10T18:42:12.741Z info: AppModule dependencies initialized
2024-08-10T18:42:12.741Z info: ConfigModule dependencies initialized
2024-08-10T18:42:12.741Z info: ConfigModule dependencies initialized
2024-08-10T18:42:12.742Z info: JwtModule dependencies initialized
2024-08-10T18:42:14.839Z info: TypeOrmCoreModule dependencies initialized
2024-08-10T18:42:14.840Z info: TypeOrmModule dependencies initialized
2024-08-10T18:42:14.841Z info: TypeOrmModule dependencies initialized
2024-08-10T18:42:14.843Z info: FilesModule dependencies initialized
2024-08-10T18:42:14.844Z info: UsersModule dependencies initialized
2024-08-10T18:42:14.844Z info: AuthModule dependencies initialized
2024-08-10T18:42:14.863Z info: AppController {/}:
2024-08-10T18:42:14.864Z info: FilesController {/files}:
2024-08-10T18:42:14.865Z info: Mapped {/files, POST} route
2024-08-10T18:42:14.866Z info: Mapped {/files, GET} route
2024-08-10T18:42:14.866Z info: Mapped {/files/:id, GET} route
2024-08-10T18:42:14.867Z info: Mapped {/files/:id, PATCH} route
2024-08-10T18:42:14.867Z info: Mapped {/files/:id, DELETE} route
2024-08-10T18:42:14.867Z info: UsersController {/users}:
2024-08-10T18:42:14.868Z info: Mapped {/users, POST} route
2024-08-10T18:42:14.868Z info: Mapped {/users, GET} route
2024-08-10T18:42:14.868Z info: Mapped {/users/:id, GET} route
2024-08-10T18:42:14.869Z info: Mapped {/users/me, GET} route
2024-08-10T18:42:14.869Z info: Mapped {/users/:id, PATCH} route
2024-08-10T18:42:14.869Z info: Mapped {/users/:id, DELETE} route
2024-08-10T18:42:14.869Z info: AuthController {/auth}:
2024-08-10T18:42:14.869Z info: Mapped {/auth/login, POST} route
2024-08-10T18:42:14.870Z info: Mapped {/auth/register, POST} route
2024-08-10T18:42:14.871Z info: Nest application successfully started
2024-08-10T18:42:34.998Z info: Starting Nest application...
2024-08-10T18:42:35.015Z info: TypeOrmModule dependencies initialized
2024-08-10T18:42:35.015Z info: PassportModule dependencies initialized
2024-08-10T18:42:35.015Z info: ConfigHostModule dependencies initialized
2024-08-10T18:42:35.015Z info: AppModule dependencies initialized
2024-08-10T18:42:35.015Z info: ConfigModule dependencies initialized
2024-08-10T18:42:35.016Z info: ConfigModule dependencies initialized
2024-08-10T18:42:35.016Z info: JwtModule dependencies initialized
2024-08-10T18:42:37.071Z info: TypeOrmCoreModule dependencies initialized
2024-08-10T18:42:37.072Z info: TypeOrmModule dependencies initialized
2024-08-10T18:42:37.073Z info: TypeOrmModule dependencies initialized
2024-08-10T18:42:37.076Z info: FilesModule dependencies initialized
2024-08-10T18:42:37.076Z info: UsersModule dependencies initialized
2024-08-10T18:42:37.076Z info: AuthModule dependencies initialized
2024-08-10T18:42:37.095Z info: AppController {/}:
2024-08-10T18:42:37.096Z info: FilesController {/files}:
2024-08-10T18:42:37.098Z info: Mapped {/files, POST} route
2024-08-10T18:42:37.098Z info: Mapped {/files, GET} route
2024-08-10T18:42:37.098Z info: Mapped {/files/:id, GET} route
2024-08-10T18:42:37.099Z info: Mapped {/files/:id, PATCH} route
2024-08-10T18:42:37.099Z info: Mapped {/files/:id, DELETE} route
2024-08-10T18:42:37.099Z info: UsersController {/users}:
2024-08-10T18:42:37.100Z info: Mapped {/users, POST} route
2024-08-10T18:42:37.100Z info: Mapped {/users, GET} route
2024-08-10T18:42:37.100Z info: Mapped {/users/:id, GET} route
2024-08-10T18:42:37.100Z info: Mapped {/users/me, GET} route
2024-08-10T18:42:37.100Z info: Mapped {/users/:id, PATCH} route
2024-08-10T18:42:37.101Z info: Mapped {/users/:id, DELETE} route
2024-08-10T18:42:37.101Z info: AuthController {/auth}:
2024-08-10T18:42:37.101Z info: Mapped {/auth/login, POST} route
2024-08-10T18:42:37.101Z info: Mapped {/auth/register, POST} route
2024-08-10T18:42:37.103Z info: Nest application successfully started
2024-08-10T18:44:58.589Z info: POST /files 201 926ms
2024-08-10T18:45:03.492Z info: GET /files 200 247ms
2024-08-10T19:02:35.053Z info: Starting Nest application...
2024-08-10T19:02:35.074Z info: TypeOrmModule dependencies initialized
2024-08-10T19:02:35.075Z info: PassportModule dependencies initialized
2024-08-10T19:02:35.075Z info: ConfigHostModule dependencies initialized
2024-08-10T19:02:35.075Z info: AppModule dependencies initialized
2024-08-10T19:02:35.075Z info: ConfigModule dependencies initialized
2024-08-10T19:02:35.075Z info: ConfigModule dependencies initialized
2024-08-10T19:02:35.076Z info: JwtModule dependencies initialized
2024-08-10T19:02:37.175Z info: TypeOrmCoreModule dependencies initialized
2024-08-10T19:02:37.178Z info: TypeOrmModule dependencies initialized
2024-08-10T19:02:37.178Z info: TypeOrmModule dependencies initialized
2024-08-10T19:02:37.182Z info: FilesModule dependencies initialized
2024-08-10T19:02:37.182Z info: UsersModule dependencies initialized
2024-08-10T19:02:37.182Z info: AuthModule dependencies initialized
2024-08-10T19:02:37.202Z info: AppController {/}:
2024-08-10T19:02:37.203Z info: FilesController {/files}:
2024-08-10T19:02:37.204Z info: Mapped {/files, POST} route
2024-08-10T19:02:37.205Z info: Mapped {/files, GET} route
2024-08-10T19:02:37.206Z info: Mapped {/files/:id, GET} route
2024-08-10T19:02:37.206Z info: Mapped {/files/:id, PATCH} route
2024-08-10T19:02:37.206Z info: Mapped {/files/:id, DELETE} route
2024-08-10T19:02:37.207Z info: UsersController {/users}:
2024-08-10T19:02:37.207Z info: Mapped {/users, POST} route
2024-08-10T19:02:37.207Z info: Mapped {/users, GET} route
2024-08-10T19:02:37.207Z info: Mapped {/users/:id, GET} route
2024-08-10T19:02:37.208Z info: Mapped {/users/me, GET} route
2024-08-10T19:02:37.208Z info: Mapped {/users/:id, PATCH} route
2024-08-10T19:02:37.208Z info: Mapped {/users/:id, DELETE} route
2024-08-10T19:02:37.208Z info: AuthController {/auth}:
2024-08-10T19:02:37.208Z info: Mapped {/auth/login, POST} route
2024-08-10T19:02:37.209Z info: Mapped {/auth/register, POST} route
2024-08-10T19:02:37.210Z info: Nest application successfully started
2024-08-10T20:43:54.355Z info: Starting Nest application...
2024-08-10T20:43:54.378Z info: TypeOrmModule dependencies initialized
2024-08-10T20:43:54.378Z info: PassportModule dependencies initialized
2024-08-10T20:43:54.378Z info: ConfigHostModule dependencies initialized
2024-08-10T20:43:54.378Z info: AppModule dependencies initialized
2024-08-10T20:43:54.378Z info: ConfigModule dependencies initialized
2024-08-10T20:43:54.379Z info: ConfigModule dependencies initialized
2024-08-10T20:43:54.379Z info: JwtModule dependencies initialized
2024-08-10T20:43:56.658Z info: TypeOrmCoreModule dependencies initialized
2024-08-10T20:43:56.658Z info: TypeOrmModule dependencies initialized
2024-08-10T20:43:56.659Z info: TypeOrmModule dependencies initialized
2024-08-10T20:43:56.660Z info: FilesModule dependencies initialized
2024-08-10T20:43:56.660Z info: UsersModule dependencies initialized
2024-08-10T20:43:56.660Z info: AuthModule dependencies initialized
2024-08-10T20:43:56.673Z info: AppController {/}:
2024-08-10T20:43:56.673Z info: FilesController {/files}:
2024-08-10T20:43:56.674Z info: Mapped {/files, POST} route
2024-08-10T20:43:56.675Z info: Mapped {/files, GET} route
2024-08-10T20:43:56.675Z info: Mapped {/files/:id, GET} route
2024-08-10T20:43:56.675Z info: Mapped {/files/:id, PATCH} route
2024-08-10T20:43:56.675Z info: Mapped {/files/:id, DELETE} route
2024-08-10T20:43:56.675Z info: UsersController {/users}:
2024-08-10T20:43:56.676Z info: Mapped {/users, POST} route
2024-08-10T20:43:56.676Z info: Mapped {/users, GET} route
2024-08-10T20:43:56.676Z info: Mapped {/users/:id, GET} route
2024-08-10T20:43:56.676Z info: Mapped {/users/me, GET} route
2024-08-10T20:43:56.676Z info: Mapped {/users/:id, PATCH} route
2024-08-10T20:43:56.676Z info: Mapped {/users/:id, DELETE} route
2024-08-10T20:43:56.677Z info: AuthController {/auth}:
2024-08-10T20:43:56.677Z info: Mapped {/auth/login, POST} route
2024-08-10T20:43:56.677Z info: Mapped {/auth/register, POST} route
2024-08-10T20:43:56.678Z info: Nest application successfully started
2024-08-10T20:44:24.238Z info: Starting Nest application...
2024-08-10T20:44:24.255Z info: TypeOrmModule dependencies initialized
2024-08-10T20:44:24.256Z info: PassportModule dependencies initialized
2024-08-10T20:44:24.256Z info: ConfigHostModule dependencies initialized
2024-08-10T20:44:24.256Z info: AppModule dependencies initialized
2024-08-10T20:44:24.256Z info: ConfigModule dependencies initialized
2024-08-10T20:44:24.257Z info: ConfigModule dependencies initialized
2024-08-10T20:44:24.257Z info: JwtModule dependencies initialized
2024-08-10T20:44:26.226Z info: TypeOrmCoreModule dependencies initialized
2024-08-10T20:44:26.226Z info: TypeOrmModule dependencies initialized
2024-08-10T20:44:26.226Z info: TypeOrmModule dependencies initialized
2024-08-10T20:44:26.228Z info: FilesModule dependencies initialized
2024-08-10T20:44:26.228Z info: UsersModule dependencies initialized
2024-08-10T20:44:26.228Z info: AuthModule dependencies initialized
2024-08-10T20:44:26.240Z info: AppController {/}:
2024-08-10T20:44:26.241Z info: FilesController {/files}:
2024-08-10T20:44:26.242Z info: Mapped {/files, POST} route
2024-08-10T20:44:26.243Z info: Mapped {/files, GET} route
2024-08-10T20:44:26.243Z info: Mapped {/files/:id, GET} route
2024-08-10T20:44:26.243Z info: Mapped {/files/:id, PATCH} route
2024-08-10T20:44:26.243Z info: Mapped {/files/:id, DELETE} route
2024-08-10T20:44:26.244Z info: UsersController {/users}:
2024-08-10T20:44:26.244Z info: Mapped {/users, POST} route
2024-08-10T20:44:26.244Z info: Mapped {/users, GET} route
2024-08-10T20:44:26.244Z info: Mapped {/users/:id, GET} route
2024-08-10T20:44:26.244Z info: Mapped {/users/me, GET} route
2024-08-10T20:44:26.245Z info: Mapped {/users/:id, PATCH} route
2024-08-10T20:44:26.245Z info: Mapped {/users/:id, DELETE} route
2024-08-10T20:44:26.245Z info: AuthController {/auth}:
2024-08-10T20:44:26.245Z info: Mapped {/auth/login, POST} route
2024-08-10T20:44:26.245Z info: Mapped {/auth/register, POST} route
2024-08-10T20:44:26.247Z info: Nest application successfully started
2024-08-10T20:44:34.130Z info: Starting Nest application...
2024-08-10T20:44:34.147Z info: TypeOrmModule dependencies initialized
2024-08-10T20:44:34.147Z info: PassportModule dependencies initialized
2024-08-10T20:44:34.147Z info: ConfigHostModule dependencies initialized
2024-08-10T20:44:34.147Z info: AppModule dependencies initialized
2024-08-10T20:44:34.147Z info: ConfigModule dependencies initialized
2024-08-10T20:44:34.148Z info: ConfigModule dependencies initialized
2024-08-10T20:44:34.148Z info: JwtModule dependencies initialized
2024-08-10T20:44:36.205Z info: TypeOrmCoreModule dependencies initialized
2024-08-10T20:44:36.208Z info: TypeOrmModule dependencies initialized
2024-08-10T20:44:36.208Z info: TypeOrmModule dependencies initialized
2024-08-10T20:44:36.212Z info: FilesModule dependencies initialized
2024-08-10T20:44:36.212Z info: UsersModule dependencies initialized
2024-08-10T20:44:36.212Z info: AuthModule dependencies initialized
2024-08-10T20:44:36.233Z info: AppController {/}:
2024-08-10T20:44:36.234Z info: FilesController {/files}:
2024-08-10T20:44:36.236Z info: Mapped {/files, POST} route
2024-08-10T20:44:36.236Z info: Mapped {/files, GET} route
2024-08-10T20:44:36.236Z info: Mapped {/files/:id, GET} route
2024-08-10T20:44:36.236Z info: Mapped {/files/:id, PATCH} route
2024-08-10T20:44:36.237Z info: Mapped {/files/:id, DELETE} route
2024-08-10T20:44:36.237Z info: UsersController {/users}:
2024-08-10T20:44:36.237Z info: Mapped {/users, POST} route
2024-08-10T20:44:36.237Z info: Mapped {/users, GET} route
2024-08-10T20:44:36.237Z info: Mapped {/users/:id, GET} route
2024-08-10T20:44:36.238Z info: Mapped {/users/me, GET} route
2024-08-10T20:44:36.238Z info: Mapped {/users/:id, PATCH} route
2024-08-10T20:44:36.238Z info: Mapped {/users/:id, DELETE} route
2024-08-10T20:44:36.239Z info: AuthController {/auth}:
2024-08-10T20:44:36.239Z info: Mapped {/auth/login, POST} route
2024-08-10T20:44:36.239Z info: Mapped {/auth/register, POST} route
2024-08-10T20:44:36.241Z info: Nest application successfully started
2024-08-10T20:44:47.316Z info: Starting Nest application...
2024-08-10T20:44:47.334Z info: TypeOrmModule dependencies initialized
2024-08-10T20:44:47.335Z info: PassportModule dependencies initialized
2024-08-10T20:44:47.335Z info: ConfigHostModule dependencies initialized
2024-08-10T20:44:47.335Z info: AppModule dependencies initialized
2024-08-10T20:44:47.335Z info: ConfigModule dependencies initialized
2024-08-10T20:44:47.336Z info: ConfigModule dependencies initialized
2024-08-10T20:44:47.336Z info: JwtModule dependencies initialized
2024-08-10T20:44:49.313Z info: TypeOrmCoreModule dependencies initialized
2024-08-10T20:44:49.313Z info: TypeOrmModule dependencies initialized
2024-08-10T20:44:49.313Z info: TypeOrmModule dependencies initialized
2024-08-10T20:44:49.314Z info: FilesModule dependencies initialized
2024-08-10T20:44:49.315Z info: UsersModule dependencies initialized
2024-08-10T20:44:49.315Z info: AuthModule dependencies initialized
2024-08-10T20:44:49.326Z info: AppController {/}:
2024-08-10T20:44:49.326Z info: FilesController {/files}:
2024-08-10T20:44:49.327Z info: Mapped {/files, POST} route
2024-08-10T20:44:49.327Z info: Mapped {/files, GET} route
2024-08-10T20:44:49.327Z info: Mapped {/files/:id, GET} route
2024-08-10T20:44:49.328Z info: Mapped {/files/:id, PATCH} route
2024-08-10T20:44:49.328Z info: Mapped {/files/:id, DELETE} route
2024-08-10T20:44:49.328Z info: UsersController {/users}:
2024-08-10T20:44:49.328Z info: Mapped {/users, POST} route
2024-08-10T20:44:49.328Z info: Mapped {/users, GET} route
2024-08-10T20:44:49.328Z info: Mapped {/users/:id, GET} route
2024-08-10T20:44:49.329Z info: Mapped {/users/me, GET} route
2024-08-10T20:44:49.329Z info: Mapped {/users/:id, PATCH} route
2024-08-10T20:44:49.329Z info: Mapped {/users/:id, DELETE} route
2024-08-10T20:44:49.329Z info: AuthController {/auth}:
2024-08-10T20:44:49.329Z info: Mapped {/auth/login, POST} route
2024-08-10T20:44:49.329Z info: Mapped {/auth/register, POST} route
2024-08-10T20:44:49.330Z info: Nest application successfully started
2024-08-10T20:45:11.947Z info: Starting Nest application...
2024-08-10T20:45:11.964Z info: TypeOrmModule dependencies initialized
2024-08-10T20:45:11.965Z info: PassportModule dependencies initialized
2024-08-10T20:45:11.965Z info: ConfigHostModule dependencies initialized
2024-08-10T20:45:11.965Z info: AppModule dependencies initialized
2024-08-10T20:45:11.965Z info: ConfigModule dependencies initialized
2024-08-10T20:45:11.965Z info: ConfigModule dependencies initialized
2024-08-10T20:45:11.965Z info: JwtModule dependencies initialized
2024-08-10T20:45:14.015Z info: TypeOrmCoreModule dependencies initialized
2024-08-10T20:45:14.017Z info: TypeOrmModule dependencies initialized
2024-08-10T20:45:14.017Z info: TypeOrmModule dependencies initialized
2024-08-10T20:45:14.019Z info: FilesModule dependencies initialized
2024-08-10T20:45:14.020Z info: UsersModule dependencies initialized
2024-08-10T20:45:14.020Z info: AuthModule dependencies initialized
2024-08-10T20:45:14.040Z info: AppController {/}:
2024-08-10T20:45:14.041Z info: FilesController {/files}:
2024-08-10T20:45:14.043Z info: Mapped {/files, POST} route
2024-08-10T20:45:14.043Z info: Mapped {/files, GET} route
2024-08-10T20:45:14.044Z info: Mapped {/files/:id, GET} route
2024-08-10T20:45:14.044Z info: Mapped {/files/:id, PATCH} route
2024-08-10T20:45:14.044Z info: Mapped {/files/:id, DELETE} route
2024-08-10T20:45:14.045Z info: UsersController {/users}:
2024-08-10T20:45:14.045Z info: Mapped {/users, POST} route
2024-08-10T20:45:14.045Z info: Mapped {/users, GET} route
2024-08-10T20:45:14.045Z info: Mapped {/users/:id, GET} route
2024-08-10T20:45:14.046Z info: Mapped {/users/me, GET} route
2024-08-10T20:45:14.046Z info: Mapped {/users/:id, PATCH} route
2024-08-10T20:45:14.046Z info: Mapped {/users/:id, DELETE} route
2024-08-10T20:45:14.046Z info: AuthController {/auth}:
2024-08-10T20:45:14.047Z info: Mapped {/auth/login, POST} route
2024-08-10T20:45:14.047Z info: Mapped {/auth/register, POST} route
2024-08-10T20:45:14.049Z info: Nest application successfully started
2024-08-10T20:45:32.295Z info: Starting Nest application...
2024-08-10T20:45:32.314Z info: TypeOrmModule dependencies initialized
2024-08-10T20:45:32.314Z info: PassportModule dependencies initialized
2024-08-10T20:45:32.315Z info: ConfigHostModule dependencies initialized
2024-08-10T20:45:32.315Z info: AppModule dependencies initialized
2024-08-10T20:45:32.315Z info: ConfigModule dependencies initialized
2024-08-10T20:45:32.315Z info: ConfigModule dependencies initialized
2024-08-10T20:45:32.316Z info: JwtModule dependencies initialized
2024-08-10T20:45:34.387Z info: TypeOrmCoreModule dependencies initialized
2024-08-10T20:45:34.389Z info: TypeOrmModule dependencies initialized
2024-08-10T20:45:34.389Z info: TypeOrmModule dependencies initialized
2024-08-10T20:45:34.392Z info: FilesModule dependencies initialized
2024-08-10T20:45:34.393Z info: UsersModule dependencies initialized
2024-08-10T20:45:34.393Z info: AuthModule dependencies initialized
2024-08-10T20:45:34.413Z info: AppController {/}:
2024-08-10T20:45:34.413Z info: FilesController {/files}:
2024-08-10T20:45:34.415Z info: Mapped {/files, POST} route
2024-08-10T20:45:34.416Z info: Mapped {/files, GET} route
2024-08-10T20:45:34.416Z info: Mapped {/files/:id, GET} route
2024-08-10T20:45:34.417Z info: Mapped {/files/:id, PATCH} route
2024-08-10T20:45:34.417Z info: Mapped {/files/:id, DELETE} route
2024-08-10T20:45:34.417Z info: UsersController {/users}:
2024-08-10T20:45:34.418Z info: Mapped {/users, POST} route
2024-08-10T20:45:34.418Z info: Mapped {/users, GET} route
2024-08-10T20:45:34.418Z info: Mapped {/users/:id, GET} route
2024-08-10T20:45:34.419Z info: Mapped {/users/me, GET} route
2024-08-10T20:45:34.419Z info: Mapped {/users/:id, PATCH} route
2024-08-10T20:45:34.419Z info: Mapped {/users/:id, DELETE} route
2024-08-10T20:45:34.419Z info: AuthController {/auth}:
2024-08-10T20:45:34.419Z info: Mapped {/auth/login, POST} route
2024-08-10T20:45:34.420Z info: Mapped {/auth/register, POST} route
2024-08-10T20:45:34.422Z info: Nest application successfully started
2024-08-10T20:57:33.669Z info: Starting Nest application...
2024-08-10T20:57:33.690Z info: TypeOrmModule dependencies initialized
2024-08-10T20:57:33.690Z info: PassportModule dependencies initialized
2024-08-10T20:57:33.690Z info: ConfigHostModule dependencies initialized
2024-08-10T20:57:33.691Z info: AppModule dependencies initialized
2024-08-10T20:57:33.691Z info: ConfigModule dependencies initialized
2024-08-10T20:57:33.691Z info: ConfigModule dependencies initialized
2024-08-10T20:57:33.691Z info: JwtModule dependencies initialized
2024-08-10T20:57:36.303Z info: TypeOrmCoreModule dependencies initialized
2024-08-10T20:57:36.303Z info: TypeOrmModule dependencies initialized
2024-08-10T20:57:36.304Z info: TypeOrmModule dependencies initialized
2024-08-10T20:57:36.305Z info: FilesModule dependencies initialized
2024-08-10T20:57:36.305Z info: UsersModule dependencies initialized
2024-08-10T20:57:36.305Z info: AuthModule dependencies initialized
2024-08-10T20:57:36.320Z info: AppController {/}:
2024-08-10T20:57:36.320Z info: FilesController {/files}:
2024-08-10T20:57:36.321Z info: Mapped {/files, POST} route
2024-08-10T20:57:36.322Z info: Mapped {/files, GET} route
2024-08-10T20:57:36.322Z info: Mapped {/files/:id, GET} route
2024-08-10T20:57:36.322Z info: Mapped {/files/:id, PATCH} route
2024-08-10T20:57:36.323Z info: Mapped {/files, DELETE} route
2024-08-10T20:57:36.323Z info: UsersController {/users}:
2024-08-10T20:57:36.323Z info: Mapped {/users, POST} route
2024-08-10T20:57:36.323Z info: Mapped {/users, GET} route
2024-08-10T20:57:36.323Z info: Mapped {/users/:id, GET} route
2024-08-10T20:57:36.324Z info: Mapped {/users/me, GET} route
2024-08-10T20:57:36.324Z info: Mapped {/users/:id, PATCH} route
2024-08-10T20:57:36.324Z info: Mapped {/users/:id, DELETE} route
2024-08-10T20:57:36.324Z info: AuthController {/auth}:
2024-08-10T20:57:36.324Z info: Mapped {/auth/login, POST} route
2024-08-10T20:57:36.324Z info: Mapped {/auth/register, POST} route
2024-08-10T20:57:36.326Z info: Nest application successfully started
